C51 COMPILER V9.52.0.0   I2C                                                               05/26/2021 20:02:34 PAGE 1   


C51 COMPILER V9.52.0.0, COMPILATION OF MODULE I2C
OBJECT MODULE PLACED IN .\Output\i2c.obj
COMPILER INVOKED BY: C:\Keil\C51\BIN\C51.EXE i2c.c LARGE BROWSE INCDIR(..\Source;..\User) DEBUG OBJECTEXTEND PRINT(.\Lis
                    -t\i2c.lst) TABS(2) OBJECT(.\Output\i2c.obj)

line level    source

   1          
   2          //头文件
   3          #include "i2c.h"
   4          #include "delay.h"
   5           /**
   6            * @file   I2C_delay
   7            * @brief  延迟时间
   8            * @param  无
   9            * @retval 无
  10            */
  11          void I2C_delay(void)  //for 1T  STC delay 
  12          { 
  13   1        uint16 j,i;   
  14   1        for(j=0;j<2;j++)   
  15   1        {    
  16   2          for(i=0;i<7;i++);   
  17   2        } 
  18   1      }
  19          
  20           /**
  21            * @file   I2C_Start
  22            * @brief  起始信号
  23            * @param  无
  24            * @retval 无
  25            */
  26          bit I2C_Start(void)
  27          {
  28   1        SDA = 1;
  29   1        SCL = 1;
  30   1        I2C_delay();
  31   1        if(!SDA)return FALSE; /* SDA线为低电平则总线忙,退出 */
  32   1        SDA = 0;
  33   1        I2C_delay();
  34   1        if(SDA) return FALSE; /* SDA线为高电平则总线出错,退出 */
  35   1        SDA = 0;
  36   1        I2C_delay();
  37   1        return TRUE;
  38   1      }
  39          
  40           /**
  41            * @file   I2C_Stop
  42            * @brief  停止信号
  43            * @param  无
  44            * @retval 无
  45            */
  46          void I2C_Stop(void)
  47          {
  48   1        SCL = 0;
  49   1        I2C_delay();
  50   1        SDA = 0;
  51   1        I2C_delay();
  52   1        SCL = 1;
  53   1        I2C_delay();
  54   1        SDA = 1;
C51 COMPILER V9.52.0.0   I2C                                                               05/26/2021 20:02:34 PAGE 2   

  55   1        I2C_delay();
  56   1      }
  57          
  58           /**
  59            * @file   I2C_Ack
  60            * @brief  应答信号
  61            * @param  无
  62            * @retval 无
  63            */
  64          void I2C_Ack(void)
  65          { 
  66   1        SCL = 0;
  67   1        I2C_delay();
  68   1        SDA = 0;
  69   1        I2C_delay();
  70   1        SCL = 1;
  71   1        I2C_delay();
  72   1        SCL = 0;
  73   1        I2C_delay();
  74   1      }
  75          
  76           /**
  77            * @file   I2C_NoAck
  78            * @brief  无应答信号
  79            * @param  无
  80            * @retval 无
  81            */
  82          void I2C_NoAck(void)
  83          { 
  84   1        SCL = 0;
  85   1        I2C_delay();
  86   1        SDA = 1;
  87   1        I2C_delay();
  88   1        SCL = 1;
  89   1        I2C_delay();
  90   1        SCL = 0;
  91   1        I2C_delay();
  92   1      }
  93          
  94           /**
  95            * @file   I2C_Check_ACK
  96            * @brief  等待Ack
  97            * @param  无
  98            * @retval 返回为:=1有ACK,=0无ACK
  99            */
 100          void I2C_Check_ACK(void)         //Check ACK, If F0=0, then right, if F0=1, then error
 101          {
 102   1        SDA = 1;
 103   1        I2C_delay();
 104   1        SCL = 1;
 105   1        I2C_delay();
 106   1        F0  = SDA;
 107   1        SCL = 0;
 108   1        I2C_delay();
 109   1      }
 110          
 111           /**
 112            * @file   I2C_SendByte
 113            * @brief  数据从高位到低位
 114            * @param  - SendByte: 发送的数据
 115            * @retval 无
 116            */
C51 COMPILER V9.52.0.0   I2C                                                               05/26/2021 20:02:34 PAGE 3   

 117          void I2C_SendByte(uint8 SendByte) 
 118          {
 119   1          uint8 i=8;
 120   1          while(i--)
 121   1          {
 122   2            SCL = 0;
 123   2            I2C_delay();
 124   2            if(SendByte&0x80)
 125   2            SDA = 1;  
 126   2            else 
 127   2            SDA = 0;   
 128   2            SendByte<<=1;
 129   2            I2C_delay();
 130   2            SCL = 1;
 131   2            I2C_delay();
 132   2          }
 133   1          SCL = 0;
 134   1      }
 135          
 136          
 137           /**
 138            * @file   I2C_ReceiveByte
 139            * @brief  数据从高位到低位
 140            * @param  无
 141            * @retval I2C总线返回的数据
 142            */
 143          uint8 I2C_ReceiveByte(void)  
 144          { 
 145   1          uint8 i=8;
 146   1          uint8 ReceiveByte=0;
 147   1      
 148   1          SDA = 1;        
 149   1          while(i--)
 150   1          {
 151   2            ReceiveByte<<=1;      
 152   2            SCL = 0;
 153   2            I2C_delay();
 154   2            SCL = 1;
 155   2            I2C_delay();  
 156   2            if(SDA)
 157   2            {
 158   3              ReceiveByte|=0x01;
 159   3            }
 160   2          }
 161   1          SCL = 0;
 162   1          return ReceiveByte;
 163   1      } 
 164             
 165          
 166          
 167          /*********************************END FILE********************************************/ 


MODULE INFORMATION:   STATIC OVERLAYABLE
   CODE SIZE        =    187    ----
   CONSTANT SIZE    =   ----    ----
   XDATA SIZE       =   ----    ----
   PDATA SIZE       =   ----    ----
   DATA SIZE        =   ----    ----
   IDATA SIZE       =   ----    ----
   BIT SIZE         =   ----    ----
END OF MODULE INFORMATION.

C51 COMPILER V9.52.0.0   I2C                                                               05/26/2021 20:02:34 PAGE 4   


C51 COMPILATION COMPLETE.  0 WARNING(S),  0 ERROR(S)
