C51 COMPILER V9.52.0.0   LED                                                               05/26/2021 20:02:35 PAGE 1   


C51 COMPILER V9.52.0.0, COMPILATION OF MODULE LED
OBJECT MODULE PLACED IN .\Output\led.obj
COMPILER INVOKED BY: C:\Keil\C51\BIN\C51.EXE ..\Source\led.c LARGE BROWSE INCDIR(..\Source;..\User) DEBUG OBJECTEXTEND P
                    -RINT(.\List\led.lst) TABS(2) OBJECT(.\Output\led.obj)

line level    source

   1          #include "led.h"  
   2          
   3           /**************************************************************************
   4          功能描述：点亮一个指定的指示灯(DS1 DS2)
   5          入口参数：uint8 led_idx  (可取值LED_1或LED_2)
   6          返回值：无
   7           *************************************************************************/
   8          void led_on(uint8 led_idx)
   9          {
  10   1        switch(led_idx)
  11   1        {
  12   2          case LED_1:
  13   2            LED_B=0;        //控制P0.6端口输出低电平，点亮蓝色指示灯DS1
  14   2            break;    
  15   2          case LED_2:
  16   2            LED_R=0;        //控制P0.7端口输出低电平，点亮红色指示灯DS2
  17   2            break;
  18   2          default:
  19   2            break;
  20   2        }
  21   1      }
  22          
  23          /**************************************************************************
  24          功能描述：熄灭一个指定的指示灯(DS1 DS2)
  25          入口参数：uint8 led_idx  (可取值LED_1或LED_2)
  26          返回值：无
  27           *************************************************************************/
  28          void led_off(uint8 led_idx)
  29          {
  30   1        switch(led_idx)
  31   1        {
  32   2          case LED_1:
  33   2            LED_B=1;        //控制P0.6端口输出高电平，熄灭蓝色指示灯DS1
  34   2            break;    
  35   2          case LED_2:
  36   2            LED_R=1;        //控制P0.7端口输出高电平，熄灭红色指示灯DS2
  37   2            break;
  38   2          default:
  39   2            break;
  40   2        }
  41   1      }
  42          
  43          /**************************************************************************
  44          功能描述：翻转一个指定的指示灯(DS1 DS2)
  45          入口参数：uint8 led_idx  (可取值LED_1或LED_2)
  46          返回值：无
  47          *************************************************************************/
  48          void led_toggle(uint8 led_idx)
  49          {
  50   1        switch(led_idx)
  51   1        {
  52   2          case LED_1:
  53   2            LED_B=~LED_B;       //控制P0.6端口输出不同于上一次的电平，翻转蓝色指示灯DS1
  54   2            break;    
C51 COMPILER V9.52.0.0   LED                                                               05/26/2021 20:02:35 PAGE 2   

  55   2          case LED_2:
  56   2            LED_R=~LED_R;       //控制P0.7端口输出不同于上一次的电平，翻转红色指示灯DS2
  57   2            break;
  58   2          default:
  59   2            break;
  60   2        }
  61   1      }
  62          
  63          /**************************************************************************
  64          功能描述：点亮开发板上的2个指示灯(DS1 DS2)
  65          入口参数：无
  66          返回值：无
  67           *************************************************************************/
  68          void leds_on(void)
  69          {
  70   1          LED_B=0;        //控制P0.6端口输出低电平，点亮蓝色指示灯DS1
  71   1          LED_R=0;        //控制P0.7端口输出低电平，点亮红色指示灯DS2
  72   1      }
  73          
  74          /**************************************************************************
  75          功能描述：熄灭开发板上的2个指示灯(DS1 DS2)
  76          入口参数：无
  77          返回值：无
  78           *************************************************************************/
  79          void leds_off(void)
  80          {
  81   1          LED_B=1;        //控制P0.6端口输出高电平，熄灭蓝色指示灯DS1
  82   1          LED_R=1;        //控制P0.7端口输出高电平，熄灭红色指示灯DS2
  83   1      }
  84          
  85          /*********************************END FILE********************************************/ 
  86          


MODULE INFORMATION:   STATIC OVERLAYABLE
   CODE SIZE        =     52    ----
   CONSTANT SIZE    =   ----    ----
   XDATA SIZE       =   ----    ----
   PDATA SIZE       =   ----    ----
   DATA SIZE        =   ----    ----
   IDATA SIZE       =   ----    ----
   BIT SIZE         =   ----    ----
END OF MODULE INFORMATION.


C51 COMPILATION COMPLETE.  0 WARNING(S),  0 ERROR(S)
