C51 COMPILER V9.52.0.0   MAIN                                                              05/26/2021 20:02:33 PAGE 1   


C51 COMPILER V9.52.0.0, COMPILATION OF MODULE MAIN
OBJECT MODULE PLACED IN .\Output\main.obj
COMPILER INVOKED BY: C:\Keil\C51\BIN\C51.EXE ..\User\main.c LARGE BROWSE INCDIR(..\Source;..\User) DEBUG OBJECTEXTEND PR
                    -INT(.\List\main.lst) TABS(2) OBJECT(.\Output\main.obj)

line level    source

   1          /****************************************Copyright (c)****************************************************
   2          **                                        
   3          **                                 
   4          **
   5          **--------------File Info---------------------------------------------------------------------------------
   6          ** File name:     
   7          ** Last modified Date:          
   8          ** Last Version:       
   9          ** Descriptions:              
  10          **--------------------------------------------------------------------------------------------------------
  11          **--------------------------------------------------------------------------------------------------------
  12          ** Modified by:     JiangYuHang
  13          ** Modified date:   2021-3-28
  14          ** Version:         1.0
  15          ** Descriptions:    
  16          ** Rechecked by:    
  17          **********************************************************************************************************
             -/
  18          
  19          #include  "uart.h"  
  20          #include  "ds18b20.h" 
  21          #include  "oled.h"
  22          #include  "15W4KxxS4.h"
  23          #include  "oledfont.h"
  24          #include  "delay.h"
  25          #include  "timeControl.h" 
  26          #include "Math.h"
  27          #include  "led.h"
  28          
  29          uint8 state_all=0;
  30          
  31          /***************************************************************************
  32           * 描  述 : 主函数
  33           * 入  参 : 无
  34           * 返回值 : 无
  35           **************************************************************************/
  36          int main() {
  37   1        uint8 i = 0;
  38   1        uint8 lastTime = 0;
  39   1        uint8 lastTem[6];
  40   1        uint8 isEquals = 1;
  41   1        int conTemp = 0;
  42   1        int boiled = 0;
  43   1        uint16 ht = 0;
  44   1        uint8 ht_char[7];
  45   1      
  46   1        memset(lastTem, 0, 6);
  47   1        memset(ht_char, 0, 7);
  48   1      
  49   1        //时钟模块初始化
  50   1        P3M1 &= 0xFC; P3M0 &= 0xFC;                   //设置P3.0~P3.1为准双向口
  51   1      
  52   1        Uart1_Init();                                 //串口1初始化   
  53   1        Uart4_Init();                                 //串口4初始化
C51 COMPILER V9.52.0.0   MAIN                                                              05/26/2021 20:02:33 PAGE 2   

  54   1        EA = 1;                                       //使能总中断
  55   1        delay_ms(10);                                 //初始化后延时
  56   1      
  57   1        PCF8563_Init();                               //PCF8563时钟初始化 
  58   1      
  59   1        //温度初始化
  60   1        P3M1 &= 0xBF; P3M0 &= 0xBF;                   //设置P3.6为准双向口
  61   1      
  62   1        DATA_PIN = 1;                                   //总线拉高 
  63   1        delay_ms(10);                                 //初始化后延时
  64   1      
  65   1        //OLED初始化
  66   1        P0M1 &= 0xCF; P0M0 &= 0xCF;      //设置P0.4,P0.5为准双向口
  67   1        P2M1 &= 0xE5; P2M0 &= 0xE5;        //设置P2.1,P2.3，P2.4为准双向口 
  68   1        RES = 0;                            //对OLED屏复位引脚的控制，低电平有效
  69   1        delay_ms(500);                    //此延时不可少，是用于复位延时用
  70   1        RES = 1;                            //对OLED屏复位引脚的控制
  71   1        OLED_Init();                      //对OLED屏初始化  
  72   1        OLED_Fill(0, 0x00);                  //清屏 
  73   1      
  74   1        P0M1 &= 0x3F; P0M0 &= 0x3F;  //设置P0.6、P0.7为准双向口
  75   1        P5M1 &= 0xF3; P5M0 &= 0xF3;
  76   1        
  77   1        //加热次数
  78   1        sprintf(ht_char, "HT:%02d", ht);
  79   1        LCD_P8x16Str(44, 6, ht_char);
  80   1        
  81   1        while (1) {
  82   2          DS18B20_TEST();       //测试温度并串口打印
  83   2          isEquals = 1;
  84   2          for (i = 0; i < 7; i++) {
  85   3            if (lastTem[i] != temp[i]) isEquals = 0;
  86   3          }
  87   2          LCD_P8x16Str(4, 2, "TempNow");
  88   2          if (isEquals == 0) {
  89   3            OLED_Fill_Row(4, 0x00);
  90   3            OLED_Fill_Row(5, 0x00);
  91   3            LCD_P8x16Str(12, 4, temp);
  92   3            for (i = 0; i < 6; i++) {
  93   4              lastTem[i] = temp[i];
  94   4            }
  95   3            isEquals = 1;
  96   3          }
  97   2      
  98   2          //设置恒温
  99   2          sprintf(constantTemp, "%03d", ctemp);
 100   2      
 101   2          LCD_P8x16Str(4 + 64, 2, "ConTemp");
 102   2          LCD_P8x16Str(64 + 20, 4, constantTemp);
 103   2      
 104   2          //显示状态
 105   2          OLED_Fill_Row(0, 0x00);
 106   2          OLED_Fill_Row(1, 0x00);
 107   2          if (state_all == 1) {
 108   3            LCD_P8x16Str(32, 0, "State:ON");
 109   3          }
 110   2          else {
 111   3            LCD_P8x16Str(27, 0, "State:OFF");
 112   3          }
 113   2          
 114   2          delay_ms(1000);
 115   2      
C51 COMPILER V9.52.0.0   MAIN                                                              05/26/2021 20:02:33 PAGE 3   

 116   2          HC08_Tx_Puts();   //单片机接收到HC08控制命令后，驱动指示灯动作，并串口返回给HC08模块
 117   2        }
 118   1      }


MODULE INFORMATION:   STATIC OVERLAYABLE
   CODE SIZE        =    460    ----
   CONSTANT SIZE    =     48    ----
   XDATA SIZE       =      1      22
   PDATA SIZE       =   ----    ----
   DATA SIZE        =   ----    ----
   IDATA SIZE       =   ----    ----
   BIT SIZE         =   ----    ----
END OF MODULE INFORMATION.


C51 COMPILATION COMPLETE.  0 WARNING(S),  0 ERROR(S)
