C51 COMPILER V9.52.0.0   OLEDDONT                                                          03/28/2021 17:55:37 PAGE 1   


C51 COMPILER V9.52.0.0, COMPILATION OF MODULE OLEDDONT
OBJECT MODULE PLACED IN .\Output\oleddont.obj
COMPILER INVOKED BY: C:\Keil\C51\BIN\C51.EXE ..\Source\oleddont.c LARGE BROWSE INCDIR(..\Source;..\User) DEBUG OBJECTEXT
                    -END PRINT(.\List\oleddont.lst) TABS(2) OBJECT(.\Output\oleddont.obj)

line level    source

   1          
   2          #include "delay.h"
   3          #include "oledfont.h"
   4          
   5          unsigned char code F8X16[]=   
   6          {
   7            0x00,0x00,0x00,0x00,0x00,0x00,0x00,0x00,0x00,0x00,0x00,0x00,0x00,0x00,0x00,0x00,// 0
   8            0x00,0x00,0x00,0xF8,0x00,0x00,0x00,0x00,0x00,0x00,0x00,0x33,0x30,0x00,0x00,0x00,//! 1
   9            0x00,0x10,0x0C,0x06,0x10,0x0C,0x06,0x00,0x00,0x00,0x00,0x00,0x00,0x00,0x00,0x00,//" 2
  10            0x40,0xC0,0x78,0x40,0xC0,0x78,0x40,0x00,0x04,0x3F,0x04,0x04,0x3F,0x04,0x04,0x00,//# 3
  11            0x00,0x70,0x88,0xFC,0x08,0x30,0x00,0x00,0x00,0x18,0x20,0xFF,0x21,0x1E,0x00,0x00,//$ 4
  12            0xF0,0x08,0xF0,0x00,0xE0,0x18,0x00,0x00,0x00,0x21,0x1C,0x03,0x1E,0x21,0x1E,0x00,//% 5
  13            0x00,0xF0,0x08,0x88,0x70,0x00,0x00,0x00,0x1E,0x21,0x23,0x24,0x19,0x27,0x21,0x10,//& 6
  14            0x10,0x16,0x0E,0x00,0x00,0x00,0x00,0x00,0x00,0x00,0x00,0x00,0x00,0x00,0x00,0x00,//' 7
  15            0x00,0x00,0x00,0xE0,0x18,0x04,0x02,0x00,0x00,0x00,0x00,0x07,0x18,0x20,0x40,0x00,//( 8
  16            0x00,0x02,0x04,0x18,0xE0,0x00,0x00,0x00,0x00,0x40,0x20,0x18,0x07,0x00,0x00,0x00,//) 9
  17            0x40,0x40,0x80,0xF0,0x80,0x40,0x40,0x00,0x02,0x02,0x01,0x0F,0x01,0x02,0x02,0x00,//* 10
  18            0x00,0x00,0x00,0xF0,0x00,0x00,0x00,0x00,0x01,0x01,0x01,0x1F,0x01,0x01,0x01,0x00,//+ 11
  19            0x00,0x00,0x00,0x00,0x00,0x00,0x00,0x00,0x80,0xB0,0x70,0x00,0x00,0x00,0x00,0x00,//, 12
  20            0x00,0x00,0x00,0x00,0x00,0x00,0x00,0x00,0x00,0x01,0x01,0x01,0x01,0x01,0x01,0x01,//- 13
  21            0x00,0x00,0x00,0x00,0x00,0x00,0x00,0x00,0x00,0x30,0x30,0x00,0x00,0x00,0x00,0x00,//. 14
  22            0x00,0x00,0x00,0x00,0x80,0x60,0x18,0x04,0x00,0x60,0x18,0x06,0x01,0x00,0x00,0x00,/// 15
  23            0x00,0xE0,0x10,0x08,0x08,0x10,0xE0,0x00,0x00,0x0F,0x10,0x20,0x20,0x10,0x0F,0x00,//0 16
  24            0x00,0x10,0x10,0xF8,0x00,0x00,0x00,0x00,0x00,0x20,0x20,0x3F,0x20,0x20,0x00,0x00,//1 17
  25            0x00,0x70,0x08,0x08,0x08,0x88,0x70,0x00,0x00,0x30,0x28,0x24,0x22,0x21,0x30,0x00,//2 18
  26            0x00,0x30,0x08,0x88,0x88,0x48,0x30,0x00,0x00,0x18,0x20,0x20,0x20,0x11,0x0E,0x00,//3 19
  27            0x00,0x00,0xC0,0x20,0x10,0xF8,0x00,0x00,0x00,0x07,0x04,0x24,0x24,0x3F,0x24,0x00,//4 20
  28            0x00,0xF8,0x08,0x88,0x88,0x08,0x08,0x00,0x00,0x19,0x21,0x20,0x20,0x11,0x0E,0x00,//5 21
  29            0x00,0xE0,0x10,0x88,0x88,0x18,0x00,0x00,0x00,0x0F,0x11,0x20,0x20,0x11,0x0E,0x00,//6 22
  30            0x00,0x38,0x08,0x08,0xC8,0x38,0x08,0x00,0x00,0x00,0x00,0x3F,0x00,0x00,0x00,0x00,//7 23
  31            0x00,0x70,0x88,0x08,0x08,0x88,0x70,0x00,0x00,0x1C,0x22,0x21,0x21,0x22,0x1C,0x00,//8 24
  32            0x00,0xE0,0x10,0x08,0x08,0x10,0xE0,0x00,0x00,0x00,0x31,0x22,0x22,0x11,0x0F,0x00,//9 25
  33            0x00,0x00,0x00,0xC0,0xC0,0x00,0x00,0x00,0x00,0x00,0x00,0x30,0x30,0x00,0x00,0x00,//: 26
  34            0x00,0x00,0x00,0x80,0x00,0x00,0x00,0x00,0x00,0x00,0x80,0x60,0x00,0x00,0x00,0x00,//; 27
  35            0x00,0x00,0x80,0x40,0x20,0x10,0x08,0x00,0x00,0x01,0x02,0x04,0x08,0x10,0x20,0x00,//< 28
  36            0x40,0x40,0x40,0x40,0x40,0x40,0x40,0x00,0x04,0x04,0x04,0x04,0x04,0x04,0x04,0x00,//= 29
  37            0x00,0x08,0x10,0x20,0x40,0x80,0x00,0x00,0x00,0x20,0x10,0x08,0x04,0x02,0x01,0x00,//> 30
  38            0x00,0x70,0x48,0x08,0x08,0x08,0xF0,0x00,0x00,0x00,0x00,0x30,0x36,0x01,0x00,0x00,//? 31
  39            0xC0,0x30,0xC8,0x28,0xE8,0x10,0xE0,0x00,0x07,0x18,0x27,0x24,0x23,0x14,0x0B,0x00,//@ 32
  40            0x00,0x00,0xC0,0x38,0xE0,0x00,0x00,0x00,0x20,0x3C,0x23,0x02,0x02,0x27,0x38,0x20,//A 33
  41            0x08,0xF8,0x88,0x88,0x88,0x70,0x00,0x00,0x20,0x3F,0x20,0x20,0x20,0x11,0x0E,0x00,//B 34
  42            0xC0,0x30,0x08,0x08,0x08,0x08,0x38,0x00,0x07,0x18,0x20,0x20,0x20,0x10,0x08,0x00,//C 35
  43            0x08,0xF8,0x08,0x08,0x08,0x10,0xE0,0x00,0x20,0x3F,0x20,0x20,0x20,0x10,0x0F,0x00,//D 36
  44            0x08,0xF8,0x88,0x88,0xE8,0x08,0x10,0x00,0x20,0x3F,0x20,0x20,0x23,0x20,0x18,0x00,//E 37
  45            0x08,0xF8,0x88,0x88,0xE8,0x08,0x10,0x00,0x20,0x3F,0x20,0x00,0x03,0x00,0x00,0x00,//F 38
  46            0xC0,0x30,0x08,0x08,0x08,0x38,0x00,0x00,0x07,0x18,0x20,0x20,0x22,0x1E,0x02,0x00,//G 39
  47            0x08,0xF8,0x08,0x00,0x00,0x08,0xF8,0x08,0x20,0x3F,0x21,0x01,0x01,0x21,0x3F,0x20,//H 40
  48            0x00,0x08,0x08,0xF8,0x08,0x08,0x00,0x00,0x00,0x20,0x20,0x3F,0x20,0x20,0x00,0x00,//I 41
  49            0x00,0x00,0x08,0x08,0xF8,0x08,0x08,0x00,0xC0,0x80,0x80,0x80,0x7F,0x00,0x00,0x00,//J 42
  50            0x08,0xF8,0x88,0xC0,0x28,0x18,0x08,0x00,0x20,0x3F,0x20,0x01,0x26,0x38,0x20,0x00,//K 43
  51            0x08,0xF8,0x08,0x00,0x00,0x00,0x00,0x00,0x20,0x3F,0x20,0x20,0x20,0x20,0x30,0x00,//L 44
  52            0x08,0xF8,0xF8,0x00,0xF8,0xF8,0x08,0x00,0x20,0x3F,0x00,0x3F,0x00,0x3F,0x20,0x00,//M 45
  53            0x08,0xF8,0x30,0xC0,0x00,0x08,0xF8,0x08,0x20,0x3F,0x20,0x00,0x07,0x18,0x3F,0x00,//N 46
  54            0xE0,0x10,0x08,0x08,0x08,0x10,0xE0,0x00,0x0F,0x10,0x20,0x20,0x20,0x10,0x0F,0x00,//O 47
C51 COMPILER V9.52.0.0   OLEDDONT                                                          03/28/2021 17:55:37 PAGE 2   

  55            0x08,0xF8,0x08,0x08,0x08,0x08,0xF0,0x00,0x20,0x3F,0x21,0x01,0x01,0x01,0x00,0x00,//P 48
  56            0xE0,0x10,0x08,0x08,0x08,0x10,0xE0,0x00,0x0F,0x18,0x24,0x24,0x38,0x50,0x4F,0x00,//Q 49
  57            0x08,0xF8,0x88,0x88,0x88,0x88,0x70,0x00,0x20,0x3F,0x20,0x00,0x03,0x0C,0x30,0x20,//R 50
  58            0x00,0x70,0x88,0x08,0x08,0x08,0x38,0x00,0x00,0x38,0x20,0x21,0x21,0x22,0x1C,0x00,//S 51
  59            0x18,0x08,0x08,0xF8,0x08,0x08,0x18,0x00,0x00,0x00,0x20,0x3F,0x20,0x00,0x00,0x00,//T 52
  60            0x08,0xF8,0x08,0x00,0x00,0x08,0xF8,0x08,0x00,0x1F,0x20,0x20,0x20,0x20,0x1F,0x00,//U 53
  61            0x08,0x78,0x88,0x00,0x00,0xC8,0x38,0x08,0x00,0x00,0x07,0x38,0x0E,0x01,0x00,0x00,//V 54
  62            0xF8,0x08,0x00,0xF8,0x00,0x08,0xF8,0x00,0x03,0x3C,0x07,0x00,0x07,0x3C,0x03,0x00,//W 55
  63            0x08,0x18,0x68,0x80,0x80,0x68,0x18,0x08,0x20,0x30,0x2C,0x03,0x03,0x2C,0x30,0x20,//X 56
  64            0x08,0x38,0xC8,0x00,0xC8,0x38,0x08,0x00,0x00,0x00,0x20,0x3F,0x20,0x00,0x00,0x00,//Y 57
  65            0x10,0x08,0x08,0x08,0xC8,0x38,0x08,0x00,0x20,0x38,0x26,0x21,0x20,0x20,0x18,0x00,//Z 58
  66            0x00,0x00,0x00,0xFE,0x02,0x02,0x02,0x00,0x00,0x00,0x00,0x7F,0x40,0x40,0x40,0x00,//[ 59
  67            0x00,0x0C,0x30,0xC0,0x00,0x00,0x00,0x00,0x00,0x00,0x00,0x01,0x06,0x38,0xC0,0x00,//\ 60
  68            0x00,0x02,0x02,0x02,0xFE,0x00,0x00,0x00,0x00,0x40,0x40,0x40,0x7F,0x00,0x00,0x00,//] 61
  69            0x00,0x00,0x04,0x02,0x02,0x02,0x04,0x00,0x00,0x00,0x00,0x00,0x00,0x00,0x00,0x00,//^ 62
  70            0x00,0x00,0x00,0x00,0x00,0x00,0x00,0x00,0x80,0x80,0x80,0x80,0x80,0x80,0x80,0x80,//_ 63
  71            0x00,0x02,0x02,0x04,0x00,0x00,0x00,0x00,0x00,0x00,0x00,0x00,0x00,0x00,0x00,0x00,//` 64
  72            0x00,0x00,0x80,0x80,0x80,0x80,0x00,0x00,0x00,0x19,0x24,0x22,0x22,0x22,0x3F,0x20,//a 65
  73            0x08,0xF8,0x00,0x80,0x80,0x00,0x00,0x00,0x00,0x3F,0x11,0x20,0x20,0x11,0x0E,0x00,//b 66
  74            0x00,0x00,0x00,0x80,0x80,0x80,0x00,0x00,0x00,0x0E,0x11,0x20,0x20,0x20,0x11,0x00,//c 67
  75            0x00,0x00,0x00,0x80,0x80,0x88,0xF8,0x00,0x00,0x0E,0x11,0x20,0x20,0x10,0x3F,0x20,//d 68
  76            0x00,0x00,0x80,0x80,0x80,0x80,0x00,0x00,0x00,0x1F,0x22,0x22,0x22,0x22,0x13,0x00,//e 69
  77            0x00,0x80,0x80,0xF0,0x88,0x88,0x88,0x18,0x00,0x20,0x20,0x3F,0x20,0x20,0x00,0x00,//f 70
  78            0x00,0x00,0x80,0x80,0x80,0x80,0x80,0x00,0x00,0x6B,0x94,0x94,0x94,0x93,0x60,0x00,//g 71
  79            0x08,0xF8,0x00,0x80,0x80,0x80,0x00,0x00,0x20,0x3F,0x21,0x00,0x00,0x20,0x3F,0x20,//h 72
  80            0x00,0x80,0x98,0x98,0x00,0x00,0x00,0x00,0x00,0x20,0x20,0x3F,0x20,0x20,0x00,0x00,//i 73
  81            0x00,0x00,0x00,0x80,0x98,0x98,0x00,0x00,0x00,0xC0,0x80,0x80,0x80,0x7F,0x00,0x00,//j 74
  82            0x08,0xF8,0x00,0x00,0x80,0x80,0x80,0x00,0x20,0x3F,0x24,0x02,0x2D,0x30,0x20,0x00,//k 75
  83            0x00,0x08,0x08,0xF8,0x00,0x00,0x00,0x00,0x00,0x20,0x20,0x3F,0x20,0x20,0x00,0x00,//l 76
  84            0x80,0x80,0x80,0x80,0x80,0x80,0x80,0x00,0x20,0x3F,0x20,0x00,0x3F,0x20,0x00,0x3F,//m 77
  85            0x80,0x80,0x00,0x80,0x80,0x80,0x00,0x00,0x20,0x3F,0x21,0x00,0x00,0x20,0x3F,0x20,//n 78
  86            0x00,0x00,0x80,0x80,0x80,0x80,0x00,0x00,0x00,0x1F,0x20,0x20,0x20,0x20,0x1F,0x00,//o 79
  87            0x80,0x80,0x00,0x80,0x80,0x00,0x00,0x00,0x80,0xFF,0xA1,0x20,0x20,0x11,0x0E,0x00,//p 80
  88            0x00,0x00,0x00,0x80,0x80,0x80,0x80,0x00,0x00,0x0E,0x11,0x20,0x20,0xA0,0xFF,0x80,//q 81
  89            0x80,0x80,0x80,0x00,0x80,0x80,0x80,0x00,0x20,0x20,0x3F,0x21,0x20,0x00,0x01,0x00,//r 82
  90            0x00,0x00,0x80,0x80,0x80,0x80,0x80,0x00,0x00,0x33,0x24,0x24,0x24,0x24,0x19,0x00,//s 83
  91            0x00,0x80,0x80,0xE0,0x80,0x80,0x00,0x00,0x00,0x00,0x00,0x1F,0x20,0x20,0x00,0x00,//t 84
  92            0x80,0x80,0x00,0x00,0x00,0x80,0x80,0x00,0x00,0x1F,0x20,0x20,0x20,0x10,0x3F,0x20,//u 85
  93            0x80,0x80,0x80,0x00,0x00,0x80,0x80,0x80,0x00,0x01,0x0E,0x30,0x08,0x06,0x01,0x00,//v 86
  94            0x80,0x80,0x00,0x80,0x00,0x80,0x80,0x80,0x0F,0x30,0x0C,0x03,0x0C,0x30,0x0F,0x00,//w 87
  95            0x00,0x80,0x80,0x00,0x80,0x80,0x80,0x00,0x00,0x20,0x31,0x2E,0x0E,0x31,0x20,0x00,//x 88
  96            0x80,0x80,0x80,0x00,0x00,0x80,0x80,0x80,0x80,0x81,0x8E,0x70,0x18,0x06,0x01,0x00,//y 89
  97            0x00,0x80,0x80,0x80,0x80,0x80,0x80,0x00,0x00,0x21,0x30,0x2C,0x22,0x21,0x30,0x00,//z 90
  98            0x00,0x00,0x00,0x00,0x80,0x7C,0x02,0x02,0x00,0x00,0x00,0x00,0x00,0x3F,0x40,0x40,//{ 91
  99            0x00,0x00,0x00,0x00,0xFF,0x00,0x00,0x00,0x00,0x00,0x00,0x00,0xFF,0x00,0x00,0x00,//| 92
 100            0x00,0x02,0x02,0x7C,0x80,0x00,0x00,0x00,0x00,0x40,0x40,0x3F,0x00,0x00,0x00,0x00,//} 93
 101            0x00,0x06,0x01,0x01,0x02,0x02,0x04,0x04,0x00,0x00,0x00,0x00,0x00,0x00,0x00,0x00,//~ 94
 102          };
 103          
 104          unsigned char  code codeF16x16[] = 
 105          {
 106          /*--  文字:  合  --*/
 107          /*--  楷体;  此字体下对应的点阵为：宽x高=16x16   --*/
 108          0x00,0x00,0x00,0x00,0x80,0x60,0x18,0x0C,0x90,0x20,0x40,0x80,0x80,0x00,0x00,0x00,
 109          0x00,0x00,0x02,0x01,0x38,0x49,0x49,0x49,0x44,0x3C,0x0C,0x00,0x01,0x01,0x01,0x00,
 110            
 111          /*--  文字:  肥  --*/
 112          /*--  楷体;  此字体下对应的点阵为：宽x高=16x16   --*/
 113          0x00,0x00,0x00,0xF8,0x48,0xFC,0x08,0xF0,0x90,0xF0,0x90,0x68,0x18,0x00,0x00,0x00,
 114          0x00,0x30,0x0E,0x01,0x11,0x3F,0x00,0x07,0x08,0x10,0x10,0x10,0x10,0x10,0x1C,0x00,  
 115            
 116          /*--  文字:  艾  --*/
C51 COMPILER V9.52.0.0   OLEDDONT                                                          03/28/2021 17:55:37 PAGE 3   

 117          /*--  楷体;  此字体下对应的点阵为：宽x高=16x16   --*/
 118          0x00,0x00,0x00,0x20,0xA0,0x18,0x30,0x10,0xF0,0x18,0x14,0x10,0x10,0x10,0x00,0x00,
 119          0x00,0x00,0x00,0x20,0x20,0x11,0x12,0x0C,0x0B,0x10,0x30,0x20,0x60,0x40,0x00,0x00,
 120          
 121          /*--  文字:  克  --*/
 122          /*--  楷体;  此字体下对应的点阵为：宽x高=16x16   --*/
 123          0x00,0x00,0x00,0x00,0x80,0x90,0x90,0x7E,0x90,0x50,0xD0,0x00,0x00,0x00,0x00,0x00,
 124          0x00,0x00,0x40,0x40,0x20,0x13,0x0E,0x02,0x3E,0x41,0x40,0x40,0x40,0x40,0x30,0x00,
 125          
 126          /*--  文字:  姆  --*/
 127          /*--  楷体;  此字体下对应的点阵为：宽x高=16x16   --*/
 128          0x00,0x80,0x80,0xC0,0xBC,0x80,0x40,0x00,0xF0,0x90,0xF0,0x88,0xF8,0x80,0x80,0x00,
 129          0x00,0x00,0x10,0x0B,0x04,0x0B,0x00,0x06,0x05,0x07,0x64,0x3C,0x07,0x08,0x00,0x00,
 130          
 131          /*--  文字:  科  --*/
 132          /*--  楷体;  此字体下对应的点阵为：宽x高=16x16   --*/
 133          0x00,0x80,0x80,0x90,0xD0,0xF8,0x44,0x40,0x40,0xD0,0x00,0xFC,0x00,0x00,0x00,0x00,
 134          0x00,0x08,0x04,0x02,0x01,0x3F,0x01,0x02,0x02,0x02,0x02,0xFF,0x01,0x01,0x01,0x00,
 135          
 136          /*--  文字:  技  --*/
 137          /*--  楷体;  此字体下对应的点阵为：宽x高=16x16   --*/
 138          0x00,0x00,0x40,0x40,0xD2,0x2C,0xA0,0x00,0x20,0xE0,0x3C,0x90,0x10,0x00,0x00,0x00,
 139          0x00,0x04,0x04,0x02,0x3E,0x01,0x20,0x23,0x25,0x15,0x0D,0x13,0x20,0x20,0x20,0x00,
 140          
 141          /*--  文字:  保  --*/
 142          /*--  楷体;  此字体下对应的点阵为：宽x高=16x16   --*/
 143          0x00,0x00,0xC0,0xE0,0x1C,0x04,0x08,0x78,0x48,0xE4,0xBC,0xAC,0x80,0x80,0x00,0x00,
 144          0x00,0x01,0x00,0x3F,0x00,0x11,0x09,0x05,0x03,0x3F,0x02,0x0C,0x08,0x10,0x10,0x00,
 145          
 146          /*--  文字:  持  --*/
 147          /*--  楷体;  此字体下对应的点阵为：宽x高=16x16   --*/
 148          0x00,0x00,0x00,0x40,0xFE,0xA0,0x20,0x80,0x80,0xA0,0xFE,0x90,0x50,0x40,0x40,0x00,
 149          0x00,0x04,0x04,0x02,0x3F,0x00,0x01,0x00,0x02,0x0A,0x42,0x7F,0x02,0x00,0x00,0x00,
 150          
 151          /*--  文字:  诚  --*/
 152          /*--  楷体;  此字体下对应的点阵为：宽x高=16x16   --*/
 153          0x00,0x00,0x80,0x84,0x88,0x08,0x80,0x80,0x82,0x7C,0xC8,0x08,0x08,0x00,0x00,0x00,
 154          0x00,0x00,0x00,0x3F,0x08,0x28,0x1D,0x22,0x3E,0x12,0x13,0x0C,0x13,0x20,0x60,0x00,
 155          
 156          /*--  文字:  信  --*/
 157          /*--  楷体;  此字体下对应的点阵为：宽x高=16x16   --*/
 158          0x00,0x00,0x80,0x60,0x98,0x04,0x20,0x20,0xA0,0xA4,0xAC,0x20,0x20,0x10,0x00,0x00,
 159          0x00,0x01,0x00,0x00,0x3F,0x00,0x00,0x18,0x2A,0x2A,0x2A,0x34,0x28,0x00,0x00,0x00,
 160          
 161          /*--  文字:  勇  --*/
 162          /*--  楷体;  此字体下对应的点阵为：宽x高=16x16   --*/
 163          0x00,0x00,0x00,0x00,0xE0,0x24,0x64,0x6C,0xFC,0x94,0x16,0xF0,0x10,0x00,0x00,0x00,
 164          0x00,0x00,0x00,0x40,0x47,0x24,0x14,0x0F,0x04,0x44,0x64,0x1D,0x04,0x00,0x00,0x00,
 165          
 166          /*--  文字:  于  --*/
 167          /*--  楷体;  此字体下对应的点阵为：宽x高=16x16   --*/
 168          0x00,0x00,0x80,0x80,0x88,0x88,0x88,0xB8,0xD8,0x48,0x44,0x40,0x40,0x40,0x40,0x00,
 169          0x00,0x00,0x00,0x00,0x00,0x20,0x40,0x60,0x3F,0x00,0x00,0x00,0x00,0x00,0x00,0x00,
 170          
 171          /*--  文字:  创  --*/
 172          /*--  楷体;  此字体下对应的点阵为：宽x高=16x16   --*/
 173          0x00,0x00,0x00,0xC0,0x20,0x1C,0x90,0x20,0x20,0x00,0xE0,0x00,0x04,0xFC,0x00,0x00,
 174          0x00,0x00,0x01,0x0F,0x31,0x21,0x2E,0x21,0x38,0x00,0x07,0x00,0x60,0x3F,0x00,0x00,
 175          
 176          /*--  文字:  新  --*/
 177          /*--  楷体;  此字体下对应的点阵为：宽x高=16x16   --*/
 178          0x00,0x80,0x80,0x80,0x70,0x92,0x7C,0x48,0x00,0xF0,0x90,0x88,0x44,0x40,0x40,0x00,
C51 COMPILER V9.52.0.0   OLEDDONT                                                          03/28/2021 17:55:37 PAGE 4   

 179          0x00,0x00,0x1E,0x02,0x12,0x3F,0x05,0x05,0x1C,0x03,0x00,0x3F,0x00,0x00,0x00,0x00,
 180          
 181          };
 182          unsigned char code BMP1[] =
 183          {
 184            0x00,0x03,0x05,0x09,0x11,0xFF,0x11,0x89,0x05,0xC3,0x00,0xE0,0x00,0xF0,0x00,0xF8,
 185            0x00,0x00,0x00,0x00,0x00,0x00,0x00,0x44,0x28,0xFF,0x11,0xAA,0x44,0x00,0x00,0x00,
 186            0x00,0x00,0x00,0x00,0x00,0x00,0x00,0x00,0x00,0x00,0x00,0x00,0x00,0x00,0x00,0x00,
 187            0x00,0x00,0x00,0x00,0x00,0x00,0x00,0x00,0x00,0x00,0x00,0x00,0x00,0x00,0x00,0x00,
 188            0x00,0x00,0x00,0x00,0x00,0x00,0x00,0x00,0x00,0x00,0x00,0x00,0x00,0x00,0x00,0x00,
 189            0x00,0x00,0x00,0x00,0x00,0x00,0x00,0x00,0x00,0x00,0x83,0x01,0x38,0x44,0x82,0x92,
 190            0x92,0x74,0x01,0x83,0x00,0x00,0x00,0x00,0x00,0x00,0x00,0x7C,0x44,0xFF,0x01,0x7D,
 191            0x7D,0x7D,0x01,0x7D,0x7D,0x7D,0x7D,0x01,0x7D,0x7D,0x7D,0x7D,0x7D,0x01,0xFF,0x00,
 192            0x00,0x00,0x00,0x00,0x00,0x01,0x00,0x01,0x00,0x01,0x00,0x01,0x00,0x01,0x00,0x01,
 193            0x00,0x00,0x00,0x00,0x00,0x00,0x00,0x00,0x00,0x01,0x01,0x00,0x00,0x00,0x00,0x00,
 194            0x00,0x00,0x00,0x00,0x00,0x00,0x00,0x00,0x00,0x00,0x00,0x00,0x00,0x00,0x00,0x00,
 195            0x00,0x00,0x00,0x00,0x00,0x00,0x00,0x00,0x00,0x00,0x00,0x00,0x00,0x00,0x00,0x00,
 196            0x00,0x00,0x00,0x00,0x00,0x00,0x00,0x00,0x00,0x00,0x00,0x00,0x00,0x00,0x00,0x00,
 197            0x00,0x00,0x00,0x00,0x00,0x00,0x00,0x00,0x00,0x00,0x01,0x01,0x00,0x00,0x00,0x00,
 198            0x00,0x00,0x01,0x01,0x00,0x00,0x00,0x00,0x00,0x00,0x00,0x00,0x00,0x01,0x01,0x01,
 199            0x01,0x01,0x01,0x01,0x01,0x01,0x01,0x01,0x01,0x01,0x01,0x01,0x01,0x01,0x01,0x00,
 200            0x00,0x00,0x00,0x00,0x00,0x00,0x00,0x00,0x00,0x00,0x00,0x00,0x00,0x00,0x00,0x00,
 201            0x00,0x00,0x00,0x00,0x00,0x00,0x00,0x00,0x00,0x00,0x00,0x00,0x3F,0x3F,0x03,0x03,
 202            0xF3,0x13,0x11,0x11,0x11,0x11,0x11,0x11,0x01,0xF1,0x11,0x61,0x81,0x01,0x01,0x01,
 203            0x81,0x61,0x11,0xF1,0x01,0x01,0x01,0x01,0x41,0x41,0xF1,0x01,0x01,0x01,0x01,0x01,
 204            0xC1,0x21,0x11,0x11,0x11,0x11,0x21,0xC1,0x01,0x01,0x01,0x01,0x41,0x41,0xF1,0x01,
 205            0x01,0x01,0x01,0x01,0x01,0x01,0x01,0x01,0x01,0x11,0x11,0x11,0x11,0x11,0xD3,0x33,
 206            0x03,0x03,0x3F,0x3F,0x00,0x00,0x00,0x00,0x00,0x00,0x00,0x00,0x00,0x00,0x00,0x00,
 207            0x00,0x00,0x00,0x00,0x00,0x00,0x00,0x00,0x00,0x00,0x00,0x00,0x00,0x00,0x00,0x00,
 208            0x00,0x00,0x00,0x00,0x00,0x00,0x00,0x00,0x00,0x00,0x00,0x00,0x00,0x00,0x00,0x00,
 209            0x00,0x00,0x00,0x00,0x00,0x00,0x00,0x00,0x00,0x00,0x00,0x00,0xE0,0xE0,0x00,0x00,
 210            0x7F,0x01,0x01,0x01,0x01,0x01,0x01,0x00,0x00,0x7F,0x00,0x00,0x01,0x06,0x18,0x06,
 211            0x01,0x00,0x00,0x7F,0x00,0x00,0x00,0x00,0x40,0x40,0x7F,0x40,0x40,0x00,0x00,0x00,
 212            0x1F,0x20,0x40,0x40,0x40,0x40,0x20,0x1F,0x00,0x00,0x00,0x00,0x40,0x40,0x7F,0x40,
 213            0x40,0x00,0x00,0x00,0x00,0x60,0x00,0x00,0x00,0x00,0x40,0x30,0x0C,0x03,0x00,0x00,
 214            0x00,0x00,0xE0,0xE0,0x00,0x00,0x00,0x00,0x00,0x00,0x00,0x00,0x00,0x00,0x00,0x00,
 215            0x00,0x00,0x00,0x00,0x00,0x00,0x00,0x00,0x00,0x00,0x00,0x00,0x00,0x00,0x00,0x00,
 216            0x00,0x00,0x00,0x00,0x00,0x00,0x00,0x00,0x00,0x00,0x00,0x00,0x00,0x00,0x00,0x00,
 217            0x00,0x00,0x00,0x00,0x00,0x00,0x00,0x00,0x00,0x00,0x00,0x00,0x07,0x07,0x06,0x06,
 218            0x06,0x06,0x04,0x04,0x04,0x84,0x44,0x44,0x44,0x84,0x04,0x04,0x84,0x44,0x44,0x44,
 219            0x84,0x04,0x04,0x04,0x84,0xC4,0x04,0x04,0x04,0x04,0x84,0x44,0x44,0x44,0x84,0x04,
 220            0x04,0x04,0x04,0x04,0x84,0x44,0x44,0x44,0x84,0x04,0x04,0x04,0x04,0x04,0x84,0x44,
 221            0x44,0x44,0x84,0x04,0x04,0x84,0x44,0x44,0x44,0x84,0x04,0x04,0x04,0x04,0x06,0x06,
 222            0x06,0x06,0x07,0x07,0x00,0x00,0x00,0x00,0x00,0x00,0x00,0x00,0x00,0x00,0x00,0x00,
 223            0x00,0x00,0x00,0x00,0x00,0x00,0x00,0x00,0x00,0x00,0x00,0x00,0x00,0x00,0x00,0x00,
 224            0x00,0x00,0x00,0x00,0x00,0x00,0x00,0x00,0x00,0x00,0x00,0x00,0x00,0x00,0x00,0x00,
 225            0x00,0x00,0x00,0x00,0x00,0x00,0x00,0x00,0x00,0x00,0x00,0x00,0x00,0x00,0x00,0x00,
 226            0x00,0x00,0x00,0x00,0x00,0x10,0x18,0x14,0x12,0x11,0x00,0x00,0x0F,0x10,0x10,0x10,
 227            0x0F,0x00,0x00,0x00,0x10,0x1F,0x10,0x00,0x00,0x00,0x08,0x10,0x12,0x12,0x0D,0x00,
 228            0x00,0x18,0x00,0x00,0x0D,0x12,0x12,0x12,0x0D,0x00,0x00,0x18,0x00,0x00,0x10,0x18,
 229            0x14,0x12,0x11,0x00,0x00,0x10,0x18,0x14,0x12,0x11,0x00,0x00,0x00,0x00,0x00,0x00,
 230            0x00,0x00,0x00,0x00,0x00,0x00,0x00,0x00,0x00,0x00,0x00,0x00,0x00,0x00,0x00,0x00,
 231            0x00,0x00,0x00,0x00,0x00,0x00,0x00,0x00,0x00,0x00,0x00,0x00,0x00,0x00,0x00,0x00,
 232            0x00,0x00,0x00,0x00,0x00,0x00,0x00,0x00,0x00,0x00,0x00,0x00,0x00,0x00,0x00,0x00,
 233            0x00,0x00,0x00,0x00,0x00,0x00,0x00,0x00,0x00,0x00,0x00,0x00,0x00,0x00,0x00,0x00,
 234            0x00,0x00,0x00,0x00,0x00,0x00,0x00,0x00,0x00,0x00,0x00,0x00,0x00,0x00,0x00,0x00,
 235            0x00,0x00,0x00,0x00,0x00,0x00,0x00,0x00,0x00,0x00,0x00,0x00,0x80,0x80,0x80,0x80,
 236            0x80,0x80,0x80,0x80,0x00,0x00,0x00,0x00,0x00,0x00,0x00,0x00,0x00,0x00,0x00,0x00,
 237            0x00,0x00,0x00,0x00,0x00,0x00,0x00,0x00,0x00,0x00,0x00,0x00,0x00,0x00,0x00,0x00,
 238            0x00,0x00,0x00,0x00,0x00,0x00,0x00,0x00,0x00,0x00,0x00,0x00,0x00,0x00,0x00,0x00,
 239            0x00,0x00,0x00,0x00,0x00,0x00,0x00,0x00,0x00,0x00,0x00,0x00,0x00,0x00,0x00,0x00,
 240            0x00,0x7F,0x03,0x0C,0x30,0x0C,0x03,0x7F,0x00,0x00,0x38,0x54,0x54,0x58,0x00,0x00,
C51 COMPILER V9.52.0.0   OLEDDONT                                                          03/28/2021 17:55:37 PAGE 5   

 241            0x7C,0x04,0x04,0x78,0x00,0x00,0x3C,0x40,0x40,0x7C,0x00,0x00,0x00,0x00,0x00,0x00,
 242            0x00,0x00,0x00,0x00,0x00,0x00,0x00,0x00,0x00,0x00,0x00,0x00,0x00,0x00,0x00,0x00,
 243            0x00,0x00,0x00,0x00,0x00,0x00,0x00,0x00,0x00,0x00,0x00,0x00,0xFF,0xAA,0xAA,0xAA,
 244            0x28,0x08,0x00,0xFF,0x00,0x00,0x00,0x00,0x00,0x00,0x00,0x00,0x00,0x00,0x00,0x00,
 245            0x00,0x00,0x00,0x00,0x00,0x00,0x00,0x00,0x00,0x00,0x00,0x00,0x00,0x00,0x00,0x00,
 246            0x00,0x00,0x00,0x00,0x00,0x00,0x00,0x00,0x00,0x7F,0x03,0x0C,0x30,0x0C,0x03,0x7F,
 247            0x00,0x00,0x26,0x49,0x49,0x49,0x32,0x00,0x00,0x7F,0x02,0x04,0x08,0x10,0x7F,0x00,
 248          };
 249          
 250          unsigned char code BMP2[] =
 251          {
 252          0x00,0x00,0x00,0x00,0x00,0x00,0x00,0x00,0x00,0x00,0x00,0x00,0x00,0x00,0x00,0x00,
 253          0x00,0x00,0x00,0x00,0x00,0x00,0x00,0x00,0x00,0x00,0x00,0x00,0x00,0x00,0x00,0x00,
 254          0x00,0x00,0x00,0x00,0x00,0x00,0x00,0x00,0x00,0x00,0x00,0x00,0x00,0x00,0x00,0x00,
 255          0x00,0x00,0x00,0x00,0x00,0x00,0x00,0x00,0x00,0x00,0x00,0x00,0x00,0x00,0x00,0x00,
 256          0x00,0x00,0x00,0x00,0x00,0x00,0x00,0x00,0x00,0x00,0x00,0x00,0x00,0x00,0x00,0x00,
 257          0x00,0x00,0x00,0x00,0x00,0x00,0x00,0x00,0x00,0x00,0x00,0x00,0x00,0x00,0x00,0x00,
 258          0x00,0x00,0x00,0x00,0x00,0x00,0x00,0x00,0x00,0x00,0x00,0x00,0x00,0x00,0x00,0x00,
 259          0x00,0x00,0x00,0x00,0x00,0x00,0x00,0x00,0x00,0x00,0x00,0x00,0x00,0x00,0x00,0x00,
 260          0x00,0x00,0x00,0x00,0x80,0x80,0xC0,0xC0,0xC0,0xC0,0xC0,0xC0,0xE0,0xE0,0xE0,0xE0,
 261          0xE0,0xE0,0xE0,0xE0,0xF0,0xF0,0xF0,0xF0,0xF0,0xF0,0xF0,0xF0,0xF0,0xF0,0xF0,0xF0,
 262          0xF0,0xF0,0xE0,0xE0,0xE3,0xE3,0xE3,0xE7,0xC6,0x06,0x0C,0xCC,0xDC,0xF8,0x78,0x78,
 263          0xF8,0xF8,0xF8,0xF8,0xF8,0xB8,0xB8,0x78,0x70,0xF0,0xE0,0xC0,0x80,0x00,0x00,0x00,
 264          0x00,0x00,0x00,0x80,0xC0,0xE0,0xE0,0xF0,0x70,0x70,0xB8,0xF8,0xF8,0xF8,0xF8,0xF0,
 265          0x70,0xF8,0xF8,0xDC,0x9C,0x0C,0x06,0xE6,0xE7,0xE3,0xE3,0xF0,0xF0,0xF0,0xF0,0xF0,
 266          0xF0,0xF0,0xF0,0xF0,0xF0,0xF0,0xF0,0xF0,0xF0,0xF0,0xF0,0xF0,0xF0,0xF0,0xF0,0xF0,
 267          0xF0,0xE0,0xE0,0xE0,0xE0,0xE0,0xC0,0xC0,0xC0,0x80,0x80,0x80,0x00,0x00,0x00,0x00,
 268          0x0E,0x0E,0x0F,0x1F,0x1F,0x1F,0x3F,0x3F,0x7F,0x7F,0xFF,0xFF,0xF7,0xE7,0x8F,0x0F,
 269          0x1F,0x1F,0x3D,0x7C,0xF8,0xF0,0xE0,0x80,0x00,0x00,0x80,0xC0,0xC0,0xE7,0xFF,0xFF,
 270          0xFF,0xFD,0xE3,0x9D,0x71,0xCF,0x3F,0x7F,0xFC,0xFE,0xFF,0xCF,0x83,0x00,0x00,0x00,
 271          0x00,0xC1,0xE1,0xF7,0xFF,0xFF,0xFF,0x7F,0xFE,0xF4,0xE1,0xC3,0x87,0x0F,0x3E,0xFC,
 272          0xFC,0x1E,0x0F,0x87,0xE3,0xF1,0xFE,0xFE,0xFF,0xFF,0xFF,0xF7,0xE3,0xC3,0x01,0x00,
 273          0x00,0x00,0x01,0x83,0xEF,0xFF,0xFE,0x7F,0x3F,0x8F,0xE3,0x38,0xCF,0xF9,0xFF,0xFF,
 274          0xFF,0xFF,0xE1,0xC0,0xC0,0x80,0x80,0x80,0xC0,0xE0,0xF0,0xF8,0xFD,0x7F,0x3F,0x1F,
 275          0x0F,0xEF,0xF7,0xFF,0xFF,0xFF,0x7F,0x3F,0x3F,0x3F,0x1F,0x1F,0x1F,0x1F,0x0E,0x0E,
 276          0x00,0x00,0x00,0x00,0x00,0x00,0x00,0x00,0x00,0x00,0x80,0xFF,0xFF,0xFF,0xFF,0xF0,
 277          0xF0,0xF0,0x78,0x78,0x3D,0x3F,0x3F,0xFF,0xFF,0xFF,0x4F,0x07,0x07,0x83,0x81,0x81,
 278          0x83,0xC7,0xDF,0xFF,0xFE,0xFD,0xF3,0xE6,0xF8,0xF1,0xE3,0xE7,0xEF,0xEF,0xFE,0xFC,
 279          0xF8,0xF3,0xF7,0xEF,0xEF,0xCF,0xCC,0xC0,0xE0,0xE1,0xFF,0xFF,0x7F,0x9C,0xC0,0xF9,
 280          0xF9,0xC0,0x3E,0x7F,0xFF,0xFF,0xE1,0xC0,0xC0,0xCF,0xCF,0xEF,0xEF,0xF7,0xF1,0xF8,
 281          0xFC,0xFE,0xEF,0xE7,0xE3,0xE3,0xF0,0xE8,0xE6,0xFB,0xFE,0xFF,0xDF,0xC7,0xC3,0xC1,
 282          0xC3,0x83,0x83,0x87,0x8F,0xFF,0xFF,0xFF,0x7F,0x3F,0x3F,0x79,0x78,0x78,0xF0,0xF0,
 283          0xFF,0xFF,0xFF,0xFF,0xC3,0x00,0x00,0x00,0x00,0x00,0x00,0x00,0x00,0x00,0x00,0x00,
 284          0x00,0x00,0x00,0x00,0x00,0x00,0x00,0x00,0x00,0x00,0x0F,0x3F,0x7F,0x7F,0xFF,0xFC,
 285          0xF8,0xF8,0x78,0x7C,0x7C,0xBC,0xBE,0xDF,0xDF,0xCF,0xEF,0xE7,0xF7,0xF7,0xF3,0xF3,
 286          0xFB,0xFB,0xFB,0x79,0x79,0x7D,0xFD,0xFD,0xFD,0x3D,0xFF,0xDF,0xDF,0xFD,0xFD,0xFD,
 287          0xFF,0x7B,0x7B,0x7B,0x7B,0x7B,0x7B,0x73,0x73,0xF3,0xED,0xCC,0x9E,0x3F,0xFF,0xF3,
 288          0xFB,0x7F,0x3F,0xDE,0xEC,0xE1,0xF3,0x73,0x73,0x7B,0x7B,0x7B,0x7B,0x7B,0xFB,0xFF,
 289          0xFF,0xFD,0xDD,0xDF,0x9F,0x7F,0x3D,0xFD,0xFD,0xF9,0x79,0x7B,0x7B,0xFB,0xFB,0xF3,
 290          0xF7,0xF7,0xE7,0xE7,0xEF,0xCF,0xDF,0xDF,0xBE,0xBE,0x7C,0x7C,0x7C,0xFC,0xFC,0xFC,
 291          0xFF,0xFF,0x7F,0x7F,0x3F,0x00,0x00,0x00,0x00,0x00,0x00,0x00,0x00,0x00,0x00,0x00,
 292          0x00,0x00,0x00,0x00,0x00,0x00,0x00,0x00,0x00,0x00,0x00,0x00,0x00,0x00,0x00,0x08,
 293          0xBC,0xFE,0xFE,0xFF,0xFF,0xFF,0xEF,0xE7,0xF7,0xF3,0xF3,0x71,0x79,0x78,0x3C,0x3F,
 294          0x1F,0x3F,0xFF,0xFC,0xF8,0xF0,0xF3,0xF7,0xFF,0xFF,0xFF,0xFF,0xEF,0x03,0xC1,0xC7,
 295          0x8F,0x1F,0x3E,0x38,0x70,0xE0,0xE0,0xC0,0x80,0xC0,0xE0,0xFF,0xFF,0xFE,0xF8,0x43,
 296          0x71,0xFC,0xFF,0xFF,0xC3,0x81,0x80,0x80,0xC0,0xE0,0xF0,0x78,0x3C,0x1E,0x0F,0x87,
 297          0xC3,0x01,0x07,0xFF,0xFF,0xFF,0xFF,0xFF,0xE3,0xF1,0xF0,0xF8,0xFE,0x7F,0x3F,0x3F,
 298          0x3E,0x7C,0x79,0x79,0xF3,0xF3,0xF3,0xF7,0xF7,0xFF,0xFF,0xFF,0xFE,0xFE,0xFC,0x98,
 299          0x00,0x00,0x00,0x00,0x00,0x00,0x00,0x00,0x00,0x00,0x00,0x00,0x00,0x00,0x00,0x00,
 300          0x00,0x00,0x00,0x00,0x00,0x00,0x00,0x60,0xF0,0xF0,0xF8,0xF8,0xFC,0xFE,0xFE,0xFF,
 301          0xFF,0xF7,0xF3,0xF9,0x79,0x79,0x79,0x3D,0x3C,0x3C,0x3C,0x3E,0x1E,0x1E,0x1E,0x0F,
 302          0x0F,0x0F,0x0F,0x07,0x07,0x07,0x03,0x03,0x03,0x01,0x01,0x00,0x00,0x00,0x00,0x03,
C51 COMPILER V9.52.0.0   OLEDDONT                                                          03/28/2021 17:55:37 PAGE 6   

 303          0x07,0x0F,0x1F,0x1E,0x3E,0x3E,0x1F,0x07,0x03,0x07,0x07,0x0E,0x1E,0x1C,0x38,0x38,
 304          0x38,0x38,0x3C,0x1C,0x0F,0x0F,0x07,0x07,0x0F,0x3F,0x3E,0x3E,0x1E,0x0F,0x0F,0x03,
 305          0x01,0x00,0x00,0x00,0x01,0x01,0x03,0x03,0x07,0x07,0x0F,0x0F,0x0F,0x1F,0x1F,0x1E,
 306          0x3E,0x3E,0x3C,0x3C,0x7C,0x7C,0x78,0x78,0xF8,0xF8,0xF8,0xF0,0xF1,0xF3,0xFF,0xFF,
 307          0xFF,0xFE,0xFC,0xFC,0xF8,0xF8,0x70,0x70,0x20,0x00,0x00,0x00,0x00,0x00,0x00,0x00,
 308          0x00,0x00,0x00,0x00,0x00,0x00,0x00,0x00,0x00,0x00,0x00,0x00,0x00,0x00,0x00,0x00,
 309          0x00,0x00,0x00,0x00,0x00,0x00,0x00,0x00,0x00,0x00,0x00,0x00,0x00,0x00,0x00,0x00,
 310          0x00,0x00,0x00,0x00,0x00,0x00,0x00,0x00,0x00,0x00,0x00,0x00,0x00,0x00,0x00,0x00,
 311          0x00,0x00,0x00,0x00,0x00,0x00,0x00,0x00,0x00,0x00,0x00,0x00,0x00,0x00,0x00,0x00,
 312          0x00,0x00,0x00,0x00,0x00,0x00,0x00,0x00,0x00,0x00,0x00,0x00,0x00,0x00,0x00,0x00,
 313          0x00,0x00,0x00,0x00,0x00,0x00,0x00,0x00,0x00,0x00,0x00,0x00,0x00,0x00,0x00,0x00,
 314          0x00,0x00,0x00,0x00,0x00,0x00,0x00,0x00,0x00,0x00,0x00,0x00,0x00,0x00,0x00,0x00,
 315          0x00,0x00,0x00,0x00,0x00,0x00,0x00,0x00,0x00,0x00,0x00,0x00,0x00,0x00,0x00,0x00,
 316            
 317          };
 318          
 319          


MODULE INFORMATION:   STATIC OVERLAYABLE
   CODE SIZE        =   ----    ----
   CONSTANT SIZE    =   4048    ----
   XDATA SIZE       =   ----    ----
   PDATA SIZE       =   ----    ----
   DATA SIZE        =   ----    ----
   IDATA SIZE       =   ----    ----
   BIT SIZE         =   ----    ----
END OF MODULE INFORMATION.


C51 COMPILATION COMPLETE.  0 WARNING(S),  0 ERROR(S)
